[0.007s] Invoking command in '/home/daeho/practice_ws/build/msg_srv_action_interface_example': CMAKE_PREFIX_PATH=${CMAKE_PREFIX_PATH}:/home/daeho/practice_ws/install/flody_test_suite:/opt/ros/humble /usr/bin/cmake --build /home/daeho/practice_ws/build/msg_srv_action_interface_example -- -j16 -l16
[0.020s] -- Found ament_cmake: 1.3.2 (/opt/ros/humble/share/ament_cmake/cmake)
[0.101s] -- Override CMake install command with custom implementation using symlinks instead of copying resources
[0.105s] -- Found builtin_interfaces: 1.2.0 (/opt/ros/humble/share/builtin_interfaces/cmake)
[0.118s] -- Found rosidl_generator_c: 3.1.3 (/opt/ros/humble/share/rosidl_generator_c/cmake)
[0.120s] -- Found rosidl_adapter: 3.1.3 (/opt/ros/humble/share/rosidl_adapter/cmake)
[0.123s] -- Found rosidl_generator_cpp: 3.1.3 (/opt/ros/humble/share/rosidl_generator_cpp/cmake)
[0.129s] -- Using all available rosidl_typesupport_c: rosidl_typesupport_fastrtps_c;rosidl_typesupport_introspection_c
[0.138s] -- Using all available rosidl_typesupport_cpp: rosidl_typesupport_fastrtps_cpp;rosidl_typesupport_introspection_cpp
[0.146s] -- Found rosidl_default_generators: 1.2.0 (/opt/ros/humble/share/rosidl_default_generators/cmake)
[0.245s] [31mCMake Error at /opt/ros/humble/share/rosidl_adapter/cmake/rosidl_adapt_interfaces.cmake:59 (message):
[0.245s]   execute_process(/usr/bin/python3.10 -m rosidl_adapter --package-name
[0.245s]   msg_srv_action_interface_example --arguments-file
[0.245s]   /home/daeho/practice_ws/build/msg_srv_action_interface_example/rosidl_adapter__arguments__msg_srv_action_interface_example.json
[0.245s]   --output-dir
[0.245s]   /home/daeho/practice_ws/build/msg_srv_action_interface_example/rosidl_adapter/msg_srv_action_interface_example
[0.245s]   --output-file
[0.245s]   /home/daeho/practice_ws/build/msg_srv_action_interface_example/rosidl_adapter/msg_srv_action_interface_example.idls)
[0.245s]   returned error code 1:
[0.246s] 
[0.246s]   Error processing 'vector3 pose' of
[0.246s]   'msg_srv_action_interface_example/TurtleStart_Feedback': ''vector3' is an
[0.246s]   invalid message name.  It should have the pattern '^[A-Z][A-Za-z0-9]*$''
[0.246s] 
[0.246s]   Traceback (most recent call last):
[0.246s] 
[0.246s]     File "/usr/lib/python3.10/runpy.py", line 196, in _run_module_as_main
[0.246s]       return _run_code(code, main_globals, None,
[0.246s]     File "/usr/lib/python3.10/runpy.py", line 86, in _run_code
[0.246s]       exec(code, run_globals)
[0.246s]     File "/opt/ros/humble/local/lib/python3.10/dist-packages/rosidl_adapter/__main__.py", line 19, in <module>
[0.246s]       sys.exit(main())
[0.246s]     File "/opt/ros/humble/local/lib/python3.10/dist-packages/rosidl_adapter/main.py", line 53, in main
[0.246s]       abs_idl_file = convert_to_idl(
[0.246s]     File "/opt/ros/humble/local/lib/python3.10/dist-packages/rosidl_adapter/__init__.py", line 29, in convert_to_idl
[0.246s]       return convert_action_to_idl(
[0.246s]     File "/opt/ros/humble/local/lib/python3.10/dist-packages/rosidl_adapter/action/__init__.py", line 28, in convert_action_to_idl
[0.246s]       action = parse_action_string(package_name, input_file.stem, content)
[0.246s]     File "/opt/ros/humble/local/lib/python3.10/dist-packages/rosidl_adapter/parser.py", line 906, in parse_action_string
[0.246s]       feedback_message = parse_message_string(
[0.246s]     File "/opt/ros/humble/local/lib/python3.10/dist-packages/rosidl_adapter/parser.py", line 520, in parse_message_string
[0.246s]       Type(type_string, context_package_name=pkg_name),
[0.246s]     File "/opt/ros/humble/local/lib/python3.10/dist-packages/rosidl_adapter/parser.py", line 277, in __init__
[0.246s]       super(Type, self).__init__(
[0.246s]     File "/opt/ros/humble/local/lib/python3.10/dist-packages/rosidl_adapter/parser.py", line 205, in __init__
[0.246s]       raise InvalidResourceName(
[0.247s] 
[0.247s]   rosidl_adapter.parser.InvalidResourceName: 'vector3' is an invalid message
[0.247s]   name.  It should have the pattern '^[A-Z][A-Za-z0-9]*$'
[0.247s] 
[0.247s] Call Stack (most recent call first):
[0.247s]   /opt/ros/humble/share/rosidl_cmake/cmake/rosidl_generate_interfaces.cmake:130 (rosidl_adapt_interfaces)
[0.247s]   CMakeLists.txt:17 (rosidl_generate_interfaces)
[0.247s] 
[0.247s] [0m
[0.247s] -- Configuring incomplete, errors occurred!
[0.247s] See also "/home/daeho/practice_ws/build/msg_srv_action_interface_example/CMakeFiles/CMakeOutput.log".
[0.249s] gmake: *** [Makefile:747: cmake_check_build_system] Error 1
[0.251s] Invoked command in '/home/daeho/practice_ws/build/msg_srv_action_interface_example' returned '2': CMAKE_PREFIX_PATH=${CMAKE_PREFIX_PATH}:/home/daeho/practice_ws/install/flody_test_suite:/opt/ros/humble /usr/bin/cmake --build /home/daeho/practice_ws/build/msg_srv_action_interface_example -- -j16 -l16
